   SW   perc perc perc  query                    position in query        matching                 repeat          position in repeat
score   div. del. ins.  sequence                 begin  end      (left)   repeat                   class/family  begin  end    (left)  ID

 1264    8.4  0.0  0.0  Chr7:34666001..34780718       1    179 (114539) + SINE2/tRNA:Pre0_SS:Sus   Unspecified       82    260    (0)   1  
 1301   13.7  1.4  0.5  Chr7:34666001..34780718    2008   2220 (112498) + SINE2/tRNA:PRE1f2:Suina  Unspecified        1    215    (1)   2  
 1782   10.4  0.0  0.0  Chr7:34666001..34780718    4412   4671 (110047) + SINE2/tRNA:Pre0_SS:Sus   Unspecified        1    260    (0)   3  
 1042   13.8  0.0  0.0  Chr7:34666001..34780718    4745   4911 (109807) C ERV1:MER41B_SSLTR:Sus    Unspecified      (0)    697    531   4 *
 1050   22.9  5.8  0.0  Chr7:34666001..34780718    4911   5150 (109568) C SINE2/tRNA:PRE1h:Suina   Unspecified      (0)    255      2   5 *
 1115   20.4  0.0  0.0  Chr7:34666001..34780718    4940   5150 (109568) C SINE2/tRNA:PRE1_SS:Sus   Unspecified     (38)    212      2   6  
  617    8.9  0.0  0.0  Chr7:34666001..34780718    5151   5240 (109478) C ERV1:MER41B_SSLTR:Sus    Unspecified    (151)    546    457   7  
 1501   14.2  0.4  0.4  Chr7:34666001..34780718    5241   5487 (109231) + SINE2/tRNA:PRE1_SS:Sus   Unspecified        1    247    (3)   8  
  270   26.8  7.7  3.7  Chr7:34666001..34780718    5376   5530 (109188) + SINE2/tRNA:SUSINE2:Sus   Unspecified       30    190   (20)   9 *
  773   13.4  0.0  0.8  Chr7:34666001..34780718    5376   5503 (109215) + SINE2/tRNA:PRE1f2:Suina  Unspecified       90    216    (0)  10  
 2133   10.3  1.7  1.2  Chr7:34666001..34780718    5504   5827 (108891) C ERV1:MER41B_SSLTR:Sus    Unspecified    (228)    469    142  11  
   28    4.6  4.3  2.1  Chr7:34666001..34780718    5828   5874 (108844) + (CTTT)n                  Simple_repeat      1     48    (0)  12  
 2133   10.3  1.7  1.2  Chr7:34666001..34780718    5875   5893 (108825) C ERV1:MER41B_SSLTR:Sus    Unspecified    (556)    141    125  11  
 1310   16.4  0.9  0.0  Chr7:34666001..34780718    5876   6106 (108612) C SINE2/tRNA:PRE1_SS:Sus   Unspecified     (17)    233      1  13 *
  882    9.1  0.0  0.0  Chr7:34666001..34780718    6107   6238 (108480) C ERV1:MER41_SSLTR:Sus     Unspecified    (653)    132      1  14  
  351   12.1  1.7  0.0  Chr7:34666001..34780718    7608   7665 (107053) C SINE2/tRNA:MIR:Mammalia  Unspecified     (83)    177    119  15 *
  653   15.6  4.5  3.0  Chr7:34666001..34780718    7665   7796 (106922) + SINE2/tRNA:SINE1C_SS:Sus Unspecified        1    134    (0)  16  
  575   19.4  4.3  2.9  Chr7:34666001..34780718    7677   7814 (106904) + SINE2/tRNA:PRE1k:Suina   Unspecified       75    214    (0)  17 *
 1254   18.4  3.6  0.6  Chr7:34666001..34780718    8805   9111 (105607) + hAT:MER58B:Eutheria      Unspecified       26    341    (0)  18  
  441   20.5 11.1  1.9  Chr7:34666001..34780718    9195   9338 (105380) C SINE2/tRNA:MIR:Mammalia  Unspecified     (79)    181     25  19  
  415   27.0  0.0  3.2  Chr7:34666001..34780718   10503  10632 (104086) + CR1:CR116_AMi:Alligator  Unspecified      527    652  (199)  20 *
  428   21.4  1.9  0.9  Chr7:34666001..34780718   10503  10606 (104112) + CR1:X18_LINE:Mammalia    Unspecified       15    119  (108)  21  
 5083   11.0  2.8  0.4  Chr7:34666001..34780718   11770  12588 (102130) C ERV1:LTR39_SSc:Sus       Unspecified      (0)    839      1  22  
  833   26.1  2.1  1.7  Chr7:34666001..34780718   12377  12614 (102104) C ERV1:ALTR39_BT:Bos       Unspecified    (173)   1370   1132  23 *
 2272   13.1  1.1  8.6  Chr7:34666001..34780718   13487  13961 (100757) + ERV3:LTR5C_SS:Sus        Unspecified        1    442    (1)  24  
  632   21.1  0.8  0.8  Chr7:34666001..34780718   14196  14329 (100389) + SINE2/tRNA:SINE1C_SS:Sus Unspecified        1    134    (0)  25  
  582   23.7  0.7  0.7  Chr7:34666001..34780718   14208  14347 (100371) + SINE2/tRNA:PRE1k:Suina   Unspecified       75    214    (0)  26 *
   12   14.4  0.0  0.0  Chr7:34666001..34780718   15452  15475  (99243) + (TCTC)n                  Simple_repeat      1     24    (0)  27  
   26    0.0  0.0  0.0  Chr7:34666001..34780718   16911  16935  (97783) + (T)n                     Simple_repeat      1     25    (0)  28  
 1212   11.9  8.0  2.5  Chr7:34666001..34780718   16936  17160  (97558) C SINE2/tRNA:PRE1_SS:Sus   Unspecified      (9)    241      5  29  
 1366   18.8  7.5  2.6  Chr7:34666001..34780718   17163  17534  (97184) C ERV3:LTR21_EC:Equus      Unspecified    (475)    481     92  30  
  798   28.9  5.8  4.5  Chr7:34666001..34780718   17167  17580  (97138) C ERV3:MER21C:Eutheria     Unspecified    (511)    424      6  31 *
   71    0.0  0.0  0.0  Chr7:34666001..34780718   18725  18787  (95931) + (TTTC)n                  Simple_repeat      1     63    (0)  32  
 1651    9.5  2.1  0.0  Chr7:34666001..34780718   18796  19038  (95680) C SINE2/tRNA:PRE1_SS:Sus   Unspecified      (0)    250      3  33  
  361   31.5  4.8  0.0  Chr7:34666001..34780718   19317  19481  (95237) C CR1:L2:Eutheria          Unspecified    (549)   2870   2698  34  
  309    8.0  0.0  0.0  Chr7:34666001..34780718   19665  19714  (95004) + ERV1:MER41_BT:Bos        Unspecified        1     50  (573)  35  
 1543   12.9  0.8  0.0  Chr7:34666001..34780718   19717  19964  (94754) + SINE2/tRNA:PRE1_SS:Sus   Unspecified        1    250    (0)  36  
  749   12.8  0.8  1.6  Chr7:34666001..34780718   19853  19979  (94739) + SINE2/tRNA:PRE1f2:Suina  Unspecified       91    216    (0)  37 *
  486   27.6  9.2  3.6  Chr7:34666001..34780718   20718  20936  (93782) + L1:L1MC5:Eutheria        Unspecified     1876   2111   (63)  38  
   28    0.0  3.3  0.0  Chr7:34666001..34780718   20937  20966  (93752) + (TAT)n                   Simple_repeat      1     31    (0)  39  
  486   27.6  9.2  3.6  Chr7:34666001..34780718   20967  20986  (93732) + L1:L1MC5:Eutheria        Unspecified     2112   2127   (47)  38 *
 1542   14.4  0.0  0.0  Chr7:34666001..34780718   20968  21217  (93501) C SINE2/tRNA:PRE1_SS:Sus   Unspecified      (0)    250      1  40  
  142   18.7  1.6  4.9  Chr7:34666001..34780718   22131  22509  (92209) + (GGGGGTG)n               Simple_repeat      1    367    (0)  41  
   12   23.2  0.0  4.8  Chr7:34666001..34780718   23273  23316  (91402) + (CTGCCC)n                Simple_repeat      1     42    (0)  42  
  364   21.7  6.6  5.1  Chr7:34666001..34780718   24306  24441  (90277) C CR1:L2:Eutheria          Unspecified     (12)   3407   3270  43  
   17   26.2  4.5  3.4  Chr7:34666001..34780718   25479  25566  (89152) + (TCCCC)n                 Simple_repeat      1     89    (0)  44  
   15   13.9  0.0  0.0  Chr7:34666001..34780718   25530  25553  (89165) + (C)n                     Simple_repeat      1     24    (0)  45 *
  619   22.8  2.0  0.7  Chr7:34666001..34780718   26503  26648  (88070) + ERV3:MLT1G1:Homo         Unspecified      448    595    (0)  46  
  708   29.6 12.6  0.3  Chr7:34666001..34780718   26709  27223  (87495) + CR1:L2:Eutheria          Unspecified     2693   3270  (149)  47  
 1049   17.9  3.9  0.0  Chr7:34666001..34780718   27264  27470  (87248) C SINE2/tRNA:PRE1f2:Suina  Unspecified      (1)    215      1  48  
  232   28.4  3.7  8.3  Chr7:34666001..34780718   27492  27679  (87039) C SINE2/tRNA:SUSINE2:Sus   Unspecified      (1)    209     30  49 *
 1935    4.3  0.0  0.8  Chr7:34666001..34780718   27556  27815  (86903) C SINE2/tRNA:Pre0_SS:Sus   Unspecified      (2)    258      1  50  
  439   25.2  4.7  1.9  Chr7:34666001..34780718   28817  28966  (85752) C DNA:MER104:NA            Unspecified     (11)    169     16  51  
  535   29.6 10.2  1.5  Chr7:34666001..34780718   29639  30002  (84716) + ERV3:LTR16A:Eutheria     Unspecified       56    450    (0)  52 *
  558   28.9  5.5  3.8  Chr7:34666001..34780718   29639  29947  (84771) + ERV3:LTR16:Homo          Unspecified       61    374   (64)  53  
  438   25.4  3.5  1.7  Chr7:34666001..34780718   30893  31008  (83710) + SINE2/tRNA:SINE1B_SS:Sus Unspecified        1    118    (1)  54  
  391   18.6  3.3  4.5  Chr7:34666001..34780718   30934  31023  (83695) + SINE2/tRNA:PRE1j:Suina   Unspecified      132    220    (5)  55 *
  583   19.5  0.9  0.0  Chr7:34666001..34780718   32217  32329  (82389) + SINE2/tRNA:CHR1:Physeter Unspecified        1    114    (1)  56  
  328   29.1  0.0  0.0  Chr7:34666001..34780718   32255  32340  (82378) + SINE2/tRNA:PRE1j:Suina   Unspecified      132    217    (8)  57 *
   15   16.6  0.0  0.0  Chr7:34666001..34780718   33223  33249  (81469) + (GT)n                    Simple_repeat      1     27    (0)  58  
  340   24.8 25.6  1.5  Chr7:34666001..34780718   33289  33608  (81110) + L1:L1ME3C_3end:Eutheria  Unspecified      470    865    (5)  59 *
  474   23.3  8.2  7.7  Chr7:34666001..34780718   33607  33801  (80917) C SINE2/tRNA:PRE1k:Suina   Unspecified      (0)    214     19  60 *
  671   15.7  1.5  2.2  Chr7:34666001..34780718   33614  33750  (80968) C SINE2/tRNA:PRE1f2:Suina  Unspecified      (0)    216     81  61 *
 1588   12.8  0.0  0.4  Chr7:34666001..34780718   33629  33878  (80840) C SINE2/tRNA:PRE1_SS:Sus   Unspecified      (0)    250      2  62  
   17    4.9  0.0  0.0  Chr7:34666001..34780718   33939  33959  (80759) + (TA)n                    Simple_repeat      1     21    (0)  63  
  602   26.1 11.6  0.0  Chr7:34666001..34780718   34225  34465  (80253) C ERV3:MLT1K:Homo          Unspecified      (1)    587    319  64 *
  656   21.2 14.3  6.4  Chr7:34666001..34780718   34465  34786  (79932) C ERV3:MLT1C2:Eutheria     Unspecified      (5)    456    111  65 *
  836   20.1  7.8  2.8  Chr7:34666001..34780718   34536  34806  (79912) C ERV3:MLT1C1:Eutheria     Unspecified    (118)    386    103  66  
 1178   12.2  1.7  0.0  Chr7:34666001..34780718   34824  35003  (79715) C SINE2/tRNA:PRE1f2:Suina  Unspecified     (33)    183      1  67  
  255   21.1  2.7  2.7  Chr7:34666001..34780718   35039  35111  (79607) C ERV3:MLT1D:Eutheria      Unspecified    (412)     93     21  68  
  241   30.6  0.0  1.2  Chr7:34666001..34780718   35046  35131  (79587) C ERV3:MLT1C1:Eutheria     Unspecified    (415)     89      5  69 *
 1491   12.5  0.8  1.6  Chr7:34666001..34780718   35457  35708  (79010) + SINE2/tRNA:PRE1_SS:Sus   Unspecified        1    250    (0)  70  
  416   22.9  5.2  2.2  Chr7:34666001..34780718   35987  36120  (78598) C ERV3:MLT1M:Mammalia      Unspecified    (422)    250    113  71  
 1598   12.4  0.4  0.0  Chr7:34666001..34780718   38277  38525  (76193) C SINE2/tRNA:PRE1_SS:Sus   Unspecified      (0)    250      1  72  
 1390   17.7  0.4  0.4  Chr7:34666001..34780718   38752  39001  (75717) + SINE2/tRNA:PRE1_SS:Sus   Unspecified        1    250    (0)  73  
 1262   19.0  0.4  0.4  Chr7:34666001..34780718   39767  40004  (74714) + SINE2/tRNA:PRE1h:Suina   Unspecified       13    250    (5)  74  
  588   33.4  1.2  1.8  Chr7:34666001..34780718   40000  40340  (74378) + L1:L12_Fc:Felis          Unspecified     5385   5723  (653)  75 *
  669   30.6  1.0  1.4  Chr7:34666001..34780718   40002  40293  (74425) + L1:L14_PVa:Pteropus      Unspecified     5730   6020  (801)  76 *
  806   29.8  0.3  2.4  Chr7:34666001..34780718   40044  40339  (74379) + L1:L14_Cho:Choloepus     Unspecified     5556   5845  (861)  77 *
 1661   30.6  9.6  0.2  Chr7:34666001..34780718   40079  40887  (73831) + L1:L1ME3A:Homo           Unspecified        1    885  (271)  78  
   19   14.0  6.4  0.0  Chr7:34666001..34780718   41823  41869  (72849) + (GGCA)n                  Simple_repeat      1     50    (0)  79  
  279   30.5  2.1  0.0  Chr7:34666001..34780718   42468  42562  (72156) + SINE2/tRNA:MIR:Mammalia  Unspecified       25    121  (139)  80  
  312   22.1  0.0  1.5  Chr7:34666001..34780718   45494  45562  (69156) + SINE2/tRNA:MIR:Mammalia  Unspecified       31     98  (162)  81  
  253   18.4 13.2  0.0  Chr7:34666001..34780718   50379  50454  (64264) C SINE2/tRNA:MIR:Mammalia  Unspecified     (78)    182     97  82  
   12   14.6  0.0  6.2  Chr7:34666001..34780718   50722  50755  (63963) + (CCCCA)n                 Simple_repeat      1     32    (0)  83 *
   16   10.4  3.2  0.0  Chr7:34666001..34780718   50722  50752  (63966) + (CCCACC)n                Simple_repeat      1     32    (0)  84  
   13   25.9  1.5  6.2  Chr7:34666001..34780718   51376  51442  (63276) + (CGGGGG)n                Simple_repeat      1     64    (0)  85  
   19   11.7  0.0  0.0  Chr7:34666001..34780718   52402  52429  (62289) + (G)n                     Simple_repeat      1     28    (0)  86  
   15   20.1  0.0  6.2  Chr7:34666001..34780718   52403  52453  (62265) + (GGGGGGT)n               Simple_repeat      1     48    (0)  87 *
 1703   10.4  0.0  0.4  Chr7:34666001..34780718   55434  55684  (59034) C SINE2/tRNA:PRE1_SS:Sus   Unspecified      (0)    250      1  88  
 3161   14.4  4.1  5.7  Chr7:34666001..34780718   60696  61424  (53294) + ERV1:ALTR2_SSc:Sus       Unspecified        1    718    (9)  89  
  459   17.5  5.8  5.0  Chr7:34666001..34780718   61318  61437  (53281) + ERV1:ALTR2C_BT:Bos       Unspecified      380    500    (0)  90 *
   16    0.0  0.0  0.0  Chr7:34666001..34780718   62668  62685  (52033) + (A)n                     Simple_repeat      1     18    (0)  91  
 1155   14.6 10.5  1.2  Chr7:34666001..34780718   62875  63103  (51615) + SINE2/tRNA:PRE1_SS:Sus   Unspecified        1    250    (0)  92  
  798   17.2  8.1  3.9  Chr7:34666001..34780718   63122  63393  (51325) + ERV3:ERV31_SScI:Sus      Unspecified     3260   3542 (3242)  93  
 1567   14.1  0.4  0.0  Chr7:34666001..34780718   63569  63817  (50901) + SINE2/tRNA:PRE1_SS:Sus   Unspecified        1    250    (0)  94  
  729   10.7  0.0  0.9  Chr7:34666001..34780718   63966  64078  (50640) + ERV1:ALTR2_SSc:Sus       Unspecified      616    727    (0)  95  
   30    0.0  0.0  0.0  Chr7:34666001..34780718   65116  65141  (49577) + (GT)n                    Simple_repeat      1     26    (0)  96  
 1624   12.4  0.0  0.0  Chr7:34666001..34780718   65195  65444  (49274) C SINE2/tRNA:PRE1_SS:Sus   Unspecified      (0)    250      1  97  
   15   15.6  6.7  0.0  Chr7:34666001..34780718   67397  67430  (47288) + (TTCC)n                  Simple_repeat      1     35   (13)  98  
   29    5.4  0.0  2.5  Chr7:34666001..34780718   67431  67471  (47247) + (CCCT)n                  Simple_repeat      1     40    (0)  99  
   15   15.6  6.7  0.0  Chr7:34666001..34780718   67472  67481  (47237) + (TTCC)n                  Simple_repeat     36     47    (1) 100  
   30   27.8  3.7  0.0  Chr7:34666001..34780718   68362  68470  (46248) + (GGGGC)n                 Simple_repeat      1    113    (0) 101  
   13   12.5  0.0  0.0  Chr7:34666001..34780718   68479  68504  (46214) + (CCCCG)n                 Simple_repeat      1     26    (0) 102  
   12   11.1  6.9  0.0  Chr7:34666001..34780718   68486  68514  (46204) + (CCGCG)n                 Simple_repeat      1     31    (0) 103 *
   14   15.9  0.0  0.0  Chr7:34666001..34780718   69001  69028  (45690) + (CCA)n                   Simple_repeat      1     28    (0) 104  
  630   19.8 12.0  0.5  Chr7:34666001..34780718   69761  69943  (44775) C ERV3:LTR75:Homo          Unspecified    (334)    228     25 105  
 2983    4.8  3.8  0.5  Chr7:34666001..34780718   69959  70375  (44343) C ERV1:ERV1N2_SScLTR:Sus   Unspecified      (0)    431      1 106  
   12   12.6  0.0  3.7  Chr7:34666001..34780718   70874  70901  (43817) + (GGCT)n                  Simple_repeat      1     27    (0) 107 *
   14    4.9  0.0  0.0  Chr7:34666001..34780718   70879  70899  (43819) + (GCCT)n                  Simple_repeat      1     21    (0) 108  
 2727   10.4  7.6  6.1  Chr7:34666001..34780718   71317  71879  (42839) C ERV1:LTR39A2_SSc:Sus     Unspecified      (0)    574      4 109  
  968   17.3  4.4  1.4  Chr7:34666001..34780718   73322  73526  (41192) C SINE2/tRNA:PRE1f2:Suina  Unspecified      (5)    211      1 110  
   19    0.0  0.0  0.0  Chr7:34666001..34780718   76323  76343  (38375) + (CA)n                    Simple_repeat      1     21    (0) 111  
 2332    7.8  1.1  1.4  Chr7:34666001..34780718   76525  76874  (37844) C ERV1:ERV1N1_SScLTR:Sus   Unspecified      (0)    349      1 112  
   16   16.5  0.0  0.0  Chr7:34666001..34780718   77225  77251  (37467) + (G)n                     Simple_repeat      1     27    (0) 113  
   20   19.8  0.0  0.0  Chr7:34666001..34780718   77992  78037  (36681) + (AAAAAG)n                Simple_repeat      1     46    (0) 114  
   12   14.8  2.3  7.3  Chr7:34666001..34780718   80694  80736  (33982) + (TGGACG)n                Simple_repeat      1     41    (0) 115  
  316   28.7  0.7  4.6  Chr7:34666001..34780718   83367  83501  (31217) + L1:L1ME3C_3end:Eutheria  Unspecified      423    552  (318) 116 *
  868   27.6  7.6  3.2  Chr7:34666001..34780718   83418  83840  (30878) + L1:L1ME3A:Homo           Unspecified      472    912  (244) 117  
   12   13.9  0.0  0.0  Chr7:34666001..34780718   88881  88904  (25814) + (ACCC)n                  Simple_repeat      1     24    (0) 118  
 1510   11.8  0.8  0.0  Chr7:34666001..34780718   89599  89844  (24874) C SINE2/tRNA:PRE1_SS:Sus   Unspecified      (2)    248      1 119  
  783   12.1  1.6  0.0  Chr7:34666001..34780718   90743  90866  (23852) C SINE2/tRNA:PRE1f2:Suina  Unspecified      (1)    215     90 120 *
 1611   11.4  0.8  0.0  Chr7:34666001..34780718   90757  91002  (23716) C SINE2/tRNA:PRE1_SS:Sus   Unspecified      (2)    248      1 121  
   14   12.7  0.0  8.1  Chr7:34666001..34780718   91930  91969  (22749) + (GGGGT)n                 Simple_repeat      1     37    (0) 122  
   13   10.8  6.7  0.0  Chr7:34666001..34780718   93131  93160  (21558) + (CCTGC)n                 Simple_repeat      1     32    (0) 123  
   26    0.0  0.0  0.0  Chr7:34666001..34780718   93927  93951  (20767) + (TCAT)n                  Simple_repeat      1     25    (0) 124  
   12   13.3  5.7  2.8  Chr7:34666001..34780718   95244  95278  (19440) + (AGG)n                   Simple_repeat      1     36    (0) 125  
   12   19.5  2.9  0.0  Chr7:34666001..34780718   95869  95903  (18815) + (CCACCCA)n               Simple_repeat      1     36    (0) 126  
   16    4.5  0.0  0.0  Chr7:34666001..34780718   98477  98499  (16219) + (CACT)n                  Simple_repeat      1     23    (0) 127  
  548   24.5  0.6  1.3  Chr7:34666001..34780718   99015  99171  (15547) + hAT:Charlie18a:Mammalia  Unspecified      187    342    (0) 128  
   19   21.7  0.0  2.3  Chr7:34666001..34780718   99215  99259  (15459) + (TG)n                    Simple_repeat      1     44    (0) 129  
 1259   22.1  5.3  1.3  Chr7:34666001..34780718  100060 100435  (14283) + L1:L1MB3_EC:Equus        Unspecified     4775   5165 (1049) 130  
  643   19.4  0.0  0.0  Chr7:34666001..34780718  100462 100590  (14128) C SINE2/tRNA:SINE1_SS:Sus  Unspecified      (2)    129      1 131  
  432   31.0  5.3  0.0  Chr7:34666001..34780718  100564 100750  (13968) + L1:L1MAB_EC:Equus        Unspecified     5691   5887 (1007) 132 *
  664   19.1  5.4  0.0  Chr7:34666001..34780718  100592 100759  (13959) + L1:L1ME_ORF2:Homo        Unspecified     3042   3218   (67) 133  
  601   19.1  0.0  1.7  Chr7:34666001..34780718  100754 100870  (13848) + SINE2/tRNA:CHR1:Physeter Unspecified        1    115    (0) 134 *
  723   22.4  2.8  0.0  Chr7:34666001..34780718  100858 101036  (13682) + L1:L1MB7:Eutheria        Unspecified       55    238  (684) 135  
  639   28.2  2.5  1.0  Chr7:34666001..34780718  100867 101063  (13655) + L1:L1PA16:Homo           Unspecified       64    263  (650) 136 *
 1493   12.6  0.8  0.0  Chr7:34666001..34780718  101037 101282  (13436) + SINE2/tRNA:PRE1_SS:Sus   Unspecified        1    248    (2) 137 *
 1760   22.9  5.3  0.4  Chr7:34666001..34780718  101280 101752  (12966) + L1:L1MB7:Eutheria        Unspecified      219    714  (208) 138  
  704   21.2  2.0  0.0  Chr7:34666001..34780718  101756 101901  (12817) + SINE2/tRNA:PRE1k:Suina   Unspecified       66    214    (0) 139 *
  722   18.2  4.4  6.2  Chr7:34666001..34780718  101893 102121  (12597) + L1:L1MB8:Homo            Unspecified      700    924    (1) 140  
 1898    7.7  0.0  0.0  Chr7:34666001..34780718  102299 102558  (12160) + SINE2/tRNA:Pre0_SS:Sus   Unspecified        1    260    (0) 141  
   73   22.6  4.3  2.5  Chr7:34666001..34780718  102614 102846  (11872) + (GT)n                    Simple_repeat      1    237    (0) 142  
   24   10.7  0.0  0.0  Chr7:34666001..34780718  104907 104946   (9772) + (ACAC)n                  Simple_repeat      1     40    (0) 143  
 1750    9.3  0.0  0.0  Chr7:34666001..34780718  105437 105684   (9034) + SINE2/tRNA:PRE1_SS:Sus   Unspecified        1    248    (2) 144  
  732   14.9  1.5  0.0  Chr7:34666001..34780718  105566 105699   (9019) + SINE2/tRNA:PRE1f2:Suina  Unspecified       81    216    (0) 145 *
  591   28.6  1.6  4.7  Chr7:34666001..34780718  105800 106041   (8677) + ERV3:MLT1J:Eutheria      Unspecified      238    472   (44) 146  
  667   19.7  0.0  0.8  Chr7:34666001..34780718  106975 107102   (7616) + SINE2/tRNA:SINE1D_SS:Sus Unspecified        1    127    (0) 147  
  510   25.0 13.2  0.3  Chr7:34666001..34780718  109096 109352   (5366) C ERV3:LTR16B2:Eutheria    Unspecified    (166)    296      7 148  
 1160   11.2  2.3  4.8  Chr7:34666001..34780718  109398 109612   (5106) C SINE2/tRNA:PRE1f2:Suina  Unspecified      (6)    210      1 149  
  593   35.1 11.7  0.6  Chr7:34666001..34780718  110272 110922   (3796) + ERV3:ERVLE:Eutheria      Unspecified     2209   2931 (2736) 150  
 1383   16.6  0.8  0.4  Chr7:34666001..34780718  112212 112465   (2253) C SINE2/tRNA:PRE1h:Suina   Unspecified      (0)    255      1 151  
 1071   17.4  0.5  1.9  Chr7:34666001..34780718  113450 113666   (1052) C SINE2/tRNA:PRE1f2:Suina  Unspecified      (2)    214      1 152  
